2019-06-22 16:39:11,627 [ALERT] alert message
2019-06-22 16:39:11,628 [CRIT] crit message
2019-06-22 16:39:11,629 [ERROR] error message
2019-06-22 16:39:11,630 [INFO] info message
2019-06-22 16:39:11,630 [FATAL] fatal message
2019-06-22 16:39:11,631 [WARN] warn message
2019-06-22 16:39:11,631 [ALERT] alert message
2019-06-22 16:39:11,632 [CRIT] crit message
2019-06-22 16:39:11,633 [ERROR] error message
2019-06-22 16:39:11,634 [INFO] info message
2019-06-22 16:39:11,634 [FATAL] fatal message
2019-06-22 16:39:11,634 [WARN] warn message
2019-06-22 16:39:11,634 [ALERT] alert message
2019-06-22 16:39:11,635 [CRIT] crit message
2019-06-22 16:39:11,635 [ERROR] error message
2019-06-22 16:39:11,636 [INFO] info message
2019-06-22 16:39:11,636 [FATAL] fatal message
2019-06-22 16:39:11,636 [WARN] warn message
2019-06-22 16:39:11,636 [ALERT] alert message
2019-06-22 16:39:11,637 [CRIT] crit message
2019-06-22 16:39:11,637 [ERROR] error message
2019-06-22 16:39:11,637 [INFO] info message
2019-06-22 16:39:11,637 [FATAL] fatal message
2019-06-22 16:39:11,638 [WARN] warn message
2019-06-22 16:39:11,638 [ALERT] alert message
2019-06-22 16:39:11,638 [CRIT] crit message
2019-06-22 16:39:11,638 [ERROR] error message
2019-06-22 16:39:11,639 [INFO] info message
2019-06-22 16:39:11,639 [FATAL] fatal message
2019-06-22 16:39:11,639 [WARN] warn message
2019-06-22 16:39:11,639 [ALERT] alert message
2019-06-22 16:39:11,640 [CRIT] crit message
2019-06-22 16:39:11,640 [ERROR] error message
2019-06-22 16:39:11,640 [INFO] info message
2019-06-22 16:39:11,640 [FATAL] fatal message
2019-06-22 16:39:11,641 [WARN] warn message
2019-06-22 16:39:11,641 [ALERT] alert message
2019-06-22 16:39:11,641 [CRIT] crit message
2019-06-22 16:39:11,641 [ERROR] error message
2019-06-22 16:39:11,642 [INFO] info message
2019-06-22 16:39:11,642 [FATAL] fatal message
2019-06-22 16:39:11,642 [WARN] warn message
2019-06-22 16:39:11,642 [ALERT] alert message
2019-06-22 16:39:11,643 [CRIT] crit message
2019-06-22 16:39:11,643 [ERROR] error message
2019-06-22 16:39:11,643 [INFO] info message
2019-06-22 16:39:11,644 [FATAL] fatal message
2019-06-22 16:39:11,644 [WARN] warn message
2019-06-22 16:39:11,644 [ALERT] alert message
2019-06-22 16:39:11,644 [CRIT] crit message
2019-06-22 16:39:11,645 [ERROR] error message
2019-06-22 16:39:11,645 [INFO] info message
2019-06-22 16:39:11,645 [FATAL] fatal message
2019-06-22 16:39:11,645 [WARN] warn message
2019-06-22 16:39:11,646 [ALERT] alert message
2019-06-22 16:39:11,646 [CRIT] crit message
2019-06-22 16:39:11,646 [ERROR] error message
2019-06-22 16:39:11,646 [INFO] info message
2019-06-22 16:39:11,647 [FATAL] fatal message
2019-06-22 16:39:11,647 [WARN] warn message
2019-06-22 16:39:11,647 [ALERT] alert message
2019-06-22 16:39:11,648 [CRIT] crit message
2019-06-22 16:39:11,648 [ERROR] error message
2019-06-22 16:39:11,648 [INFO] info message
2019-06-22 16:39:11,648 [FATAL] fatal message
2019-06-22 16:39:11,648 [WARN] warn message
2019-06-22 16:39:11,649 [ALERT] alert message
2019-06-22 16:39:11,649 [CRIT] crit message
2019-06-22 16:39:11,651 [ERROR] error message
2019-06-22 16:39:11,652 [INFO] info message
2019-06-22 16:39:11,652 [FATAL] fatal message
2019-06-22 16:39:11,653 [WARN] warn message
2019-06-22 16:39:11,653 [ALERT] alert message
2019-06-22 16:39:11,653 [CRIT] crit message
2019-06-22 16:39:11,654 [ERROR] error message
2019-06-22 16:39:11,654 [INFO] info message
2019-06-22 16:39:11,654 [FATAL] fatal message
2019-06-22 16:39:11,654 [WARN] warn message
2019-06-22 16:39:11,655 [ALERT] alert message
2019-06-22 16:39:11,655 [CRIT] crit message
2019-06-22 16:39:11,655 [ERROR] error message
2019-06-22 16:39:11,655 [INFO] info message
2019-06-22 16:39:11,655 [FATAL] fatal message
2019-06-22 16:39:11,656 [WARN] warn message
2019-06-22 16:39:11,656 [ALERT] alert message
2019-06-22 16:39:11,656 [CRIT] crit message
2019-06-22 16:39:11,657 [ERROR] error message
2019-06-22 16:39:11,657 [INFO] info message
2019-06-22 16:39:11,658 [FATAL] fatal message
2019-06-22 16:39:11,658 [WARN] warn message
2019-06-22 16:39:11,658 [ALERT] alert message
2019-06-22 16:39:11,658 [CRIT] crit message
2019-06-22 16:39:11,659 [ERROR] error message
2019-06-22 16:39:11,659 [INFO] info message
2019-06-22 16:39:11,659 [FATAL] fatal message
2019-06-22 16:39:11,659 [WARN] warn message
2019-06-22 16:39:11,659 [ALERT] alert message
2019-06-22 16:39:11,660 [CRIT] crit message
2019-06-22 16:39:11,660 [ERROR] error message
2019-06-22 16:39:11,660 [INFO] info message
2019-06-22 16:39:11,660 [FATAL] fatal message
2019-06-22 16:39:11,660 [WARN] warn message
2019-06-22 16:39:11,660 [ALERT] alert message
2019-06-22 16:39:11,661 [CRIT] crit message
2019-06-22 16:39:11,661 [ERROR] error message
2019-06-22 16:39:11,661 [INFO] info message
2019-06-22 16:39:11,661 [FATAL] fatal message
2019-06-22 16:39:11,661 [WARN] warn message
2019-06-22 16:39:11,662 [ALERT] alert message
2019-06-22 16:39:11,662 [CRIT] crit message
2019-06-22 16:39:11,662 [ERROR] error message
2019-06-22 16:39:11,662 [INFO] info message
2019-06-22 16:39:11,662 [FATAL] fatal message
2019-06-22 16:39:11,662 [WARN] warn message
2019-06-22 16:39:11,663 [ALERT] alert message
2019-06-22 16:39:11,663 [CRIT] crit message
2019-06-22 16:39:11,663 [ERROR] error message
2019-06-22 16:39:11,664 [INFO] info message
2019-06-22 16:39:11,664 [FATAL] fatal message
2019-06-22 16:39:11,664 [WARN] warn message
2019-06-22 16:39:11,664 [ALERT] alert message
2019-06-22 16:39:11,665 [CRIT] crit message
2019-06-22 16:39:11,665 [ERROR] error message
2019-06-22 16:39:11,665 [INFO] info message
2019-06-22 16:39:11,666 [FATAL] fatal message
2019-06-22 16:39:11,666 [WARN] warn message
2019-06-22 16:39:11,666 [ALERT] alert message
2019-06-22 16:39:11,668 [CRIT] crit message
2019-06-22 16:39:11,668 [ERROR] error message
2019-06-22 16:39:11,668 [INFO] info message
2019-06-22 16:39:11,668 [FATAL] fatal message
2019-06-22 16:39:11,668 [WARN] warn message
2019-06-22 16:39:11,668 [ALERT] alert message
2019-06-22 16:39:11,668 [CRIT] crit message
2019-06-22 16:39:11,669 [ERROR] error message
2019-06-22 16:39:11,669 [INFO] info message
2019-06-22 16:39:11,669 [FATAL] fatal message
2019-06-22 16:39:11,669 [WARN] warn message
2019-06-22 16:39:11,670 [ALERT] alert message
2019-06-22 16:39:11,670 [CRIT] crit message
2019-06-22 16:39:11,671 [ERROR] error message
2019-06-22 16:39:11,671 [INFO] info message
2019-06-22 16:39:11,671 [FATAL] fatal message
2019-06-22 16:39:11,671 [WARN] warn message
2019-06-22 16:39:11,672 [ALERT] alert message
2019-06-22 16:39:11,672 [CRIT] crit message
2019-06-22 16:39:11,672 [ERROR] error message
2019-06-22 16:39:11,672 [INFO] info message
2019-06-22 16:39:11,673 [FATAL] fatal message
2019-06-22 16:39:11,673 [WARN] warn message
2019-06-22 16:39:11,673 [ALERT] alert message
2019-06-22 16:39:11,673 [CRIT] crit message
2019-06-22 16:39:11,674 [ERROR] error message
2019-06-22 16:39:11,674 [INFO] info message
2019-06-22 16:39:11,674 [FATAL] fatal message
2019-06-22 16:39:11,674 [WARN] warn message
2019-06-22 16:39:11,675 [ALERT] alert message
2019-06-22 16:39:11,675 [CRIT] crit message
2019-06-22 16:39:11,675 [ERROR] error message
2019-06-22 16:39:11,675 [INFO] info message
2019-06-22 16:39:11,675 [FATAL] fatal message
2019-06-22 16:39:11,676 [WARN] warn message
2019-06-22 16:39:11,676 [ALERT] alert message
2019-06-22 16:39:11,676 [CRIT] crit message
2019-06-22 16:39:11,676 [ERROR] error message
2019-06-22 16:39:11,677 [INFO] info message
2019-06-22 16:39:11,678 [FATAL] fatal message
2019-06-22 16:39:11,679 [WARN] warn message
2019-06-22 16:39:11,679 [ALERT] alert message
2019-06-22 16:39:11,679 [CRIT] crit message
2019-06-22 16:39:11,679 [ERROR] error message
2019-06-22 16:39:11,679 [INFO] info message
2019-06-22 16:39:11,679 [FATAL] fatal message
2019-06-22 16:39:11,680 [WARN] warn message
2019-06-22 16:39:11,680 [ALERT] alert message
2019-06-22 16:39:11,680 [CRIT] crit message
2019-06-22 16:39:11,680 [ERROR] error message
2019-06-22 16:39:11,681 [INFO] info message
2019-06-22 16:39:11,681 [FATAL] fatal message
2019-06-22 16:39:11,681 [WARN] warn message
2019-06-22 16:39:11,681 [ALERT] alert message
2019-06-22 16:39:11,681 [CRIT] crit message
2019-06-22 16:39:11,681 [ERROR] error message
2019-06-22 16:39:11,682 [INFO] info message
2019-06-22 16:39:11,683 [FATAL] fatal message
2019-06-22 16:39:11,683 [WARN] warn message
2019-06-22 16:39:11,683 [ALERT] alert message
2019-06-22 16:39:11,683 [CRIT] crit message
2019-06-22 16:39:11,683 [ERROR] error message
2019-06-22 16:39:11,683 [INFO] info message
2019-06-22 16:39:11,683 [FATAL] fatal message
2019-06-22 16:39:11,684 [WARN] warn message
2019-06-22 16:39:11,684 [ALERT] alert message
2019-06-22 16:39:11,685 [CRIT] crit message
2019-06-22 16:39:11,685 [ERROR] error message
2019-06-22 16:39:11,685 [INFO] info message
2019-06-22 16:39:11,686 [FATAL] fatal message
2019-06-22 16:39:11,686 [WARN] warn message
2019-06-22 16:39:11,686 [ALERT] alert message
2019-06-22 16:39:11,686 [CRIT] crit message
2019-06-22 16:39:11,686 [ERROR] error message
2019-06-22 16:39:11,687 [INFO] info message
2019-06-22 16:39:11,687 [FATAL] fatal message
2019-06-22 16:39:11,687 [WARN] warn message
2019-06-22 16:39:11,687 [ALERT] alert message
2019-06-22 16:39:11,688 [CRIT] crit message
2019-06-22 16:39:11,688 [ERROR] error message
2019-06-22 16:39:11,688 [INFO] info message
2019-06-22 16:39:11,689 [FATAL] fatal message
2019-06-22 16:39:11,689 [WARN] warn message
2019-06-22 16:39:11,690 [ALERT] alert message
2019-06-22 16:39:11,690 [CRIT] crit message
2019-06-22 16:39:11,690 [ERROR] error message
2019-06-22 16:39:11,690 [INFO] info message
2019-06-22 16:39:11,690 [FATAL] fatal message
2019-06-22 16:39:11,691 [WARN] warn message
2019-06-22 16:39:11,691 [ALERT] alert message
2019-06-22 16:39:11,691 [CRIT] crit message
2019-06-22 16:39:11,691 [ERROR] error message
2019-06-22 16:39:11,691 [INFO] info message
2019-06-22 16:39:11,691 [FATAL] fatal message
2019-06-22 16:39:11,692 [WARN] warn message
2019-06-22 16:39:11,692 [ALERT] alert message
2019-06-22 16:39:11,692 [CRIT] crit message
2019-06-22 16:39:11,692 [ERROR] error message
2019-06-22 16:39:11,692 [INFO] info message
2019-06-22 16:39:11,693 [FATAL] fatal message
2019-06-22 16:39:11,693 [WARN] warn message
2019-06-22 16:39:11,693 [ALERT] alert message
2019-06-22 16:39:11,694 [CRIT] crit message
2019-06-22 16:39:11,694 [ERROR] error message
2019-06-22 16:39:11,694 [INFO] info message
2019-06-22 16:39:11,694 [FATAL] fatal message
2019-06-22 16:39:11,694 [WARN] warn message
2019-06-22 16:39:11,695 [ALERT] alert message
2019-06-22 16:39:11,695 [CRIT] crit message
2019-06-22 16:39:11,695 [ERROR] error message
2019-06-22 16:39:11,695 [INFO] info message
2019-06-22 16:39:11,696 [FATAL] fatal message
2019-06-22 16:39:11,696 [WARN] warn message
2019-06-22 16:39:11,696 [ALERT] alert message
2019-06-22 16:39:11,696 [CRIT] crit message
2019-06-22 16:39:11,697 [ERROR] error message
2019-06-22 16:39:11,697 [INFO] info message
2019-06-22 16:39:11,697 [FATAL] fatal message
2019-06-22 16:39:11,697 [WARN] warn message
2019-06-22 16:39:11,698 [ALERT] alert message
2019-06-22 16:39:11,698 [CRIT] crit message
2019-06-22 16:39:11,698 [ERROR] error message
2019-06-22 16:39:11,698 [INFO] info message
2019-06-22 16:39:11,699 [FATAL] fatal message
2019-06-22 16:39:11,699 [WARN] warn message
2019-06-22 16:39:11,699 [ALERT] alert message
2019-06-22 16:39:11,700 [CRIT] crit message
2019-06-22 16:39:11,700 [ERROR] error message
2019-06-22 16:39:11,700 [INFO] info message
2019-06-22 16:39:11,700 [FATAL] fatal message
2019-06-22 16:39:11,701 [WARN] warn message
2019-06-22 16:39:11,701 [ALERT] alert message
2019-06-22 16:39:11,702 [CRIT] crit message
2019-06-22 16:39:11,702 [ERROR] error message
2019-06-22 16:39:11,702 [INFO] info message
2019-06-22 16:39:11,702 [FATAL] fatal message
2019-06-22 16:39:11,702 [WARN] warn message
2019-06-22 16:39:11,702 [ALERT] alert message
2019-06-22 16:39:11,702 [CRIT] crit message
2019-06-22 16:39:11,703 [ERROR] error message
2019-06-22 16:39:11,703 [INFO] info message
2019-06-22 16:39:11,703 [FATAL] fatal message
2019-06-22 16:39:11,703 [WARN] warn message
2019-06-22 16:39:11,703 [ALERT] alert message
2019-06-22 16:39:11,703 [CRIT] crit message
2019-06-22 16:39:11,703 [ERROR] error message
2019-06-22 16:39:11,704 [INFO] info message
2019-06-22 16:39:11,704 [FATAL] fatal message
2019-06-22 16:39:11,705 [WARN] warn message
2019-06-22 16:39:11,705 [ALERT] alert message
2019-06-22 16:39:11,706 [CRIT] crit message
2019-06-22 16:39:11,706 [ERROR] error message
2019-06-22 16:39:11,707 [INFO] info message
2019-06-22 16:39:11,707 [FATAL] fatal message
2019-06-22 16:39:11,707 [WARN] warn message
2019-06-22 16:39:11,707 [ALERT] alert message
2019-06-22 16:39:11,708 [CRIT] crit message
2019-06-22 16:39:11,708 [ERROR] error message
2019-06-22 16:39:11,708 [INFO] info message
2019-06-22 16:39:11,708 [FATAL] fatal message
2019-06-22 16:39:11,708 [WARN] warn message
2019-06-22 16:39:11,709 [ALERT] alert message
2019-06-22 16:39:11,709 [CRIT] crit message
2019-06-22 16:39:11,709 [ERROR] error message
2019-06-22 16:39:11,709 [INFO] info message
2019-06-22 16:39:11,709 [FATAL] fatal message
2019-06-22 16:39:11,710 [WARN] warn message
2019-06-22 16:39:11,710 [ALERT] alert message
2019-06-22 16:39:11,710 [CRIT] crit message
2019-06-22 16:39:11,710 [ERROR] error message
2019-06-22 16:39:11,710 [INFO] info message
2019-06-22 16:39:11,710 [FATAL] fatal message
2019-06-22 16:39:11,711 [WARN] warn message
2019-06-22 16:39:11,711 [ALERT] alert message
2019-06-22 16:39:11,711 [CRIT] crit message
2019-06-22 16:39:11,711 [ERROR] error message
2019-06-22 16:39:11,711 [INFO] info message
2019-06-22 16:39:11,711 [FATAL] fatal message
2019-06-22 16:39:11,712 [WARN] warn message
2019-06-22 16:39:11,712 [ALERT] alert message
2019-06-22 16:39:11,712 [CRIT] crit message
2019-06-22 16:39:11,712 [ERROR] error message
2019-06-22 16:39:11,712 [INFO] info message
2019-06-22 16:39:11,712 [FATAL] fatal message
2019-06-22 16:39:11,713 [WARN] warn message
2019-06-22 16:39:11,713 [ALERT] alert message
2019-06-22 16:39:11,713 [CRIT] crit message
2019-06-22 16:39:11,713 [ERROR] error message
2019-06-22 16:39:11,713 [INFO] info message
2019-06-22 16:39:11,714 [FATAL] fatal message
2019-06-22 16:39:11,714 [WARN] warn message
2019-06-22 16:39:11,714 [ALERT] alert message
2019-06-22 16:39:11,714 [CRIT] crit message
2019-06-22 16:39:11,714 [ERROR] error message
2019-06-22 16:39:11,714 [INFO] info message
2019-06-22 16:39:11,715 [FATAL] fatal message
2019-06-22 16:39:11,715 [WARN] warn message
2019-06-22 16:39:11,715 [ALERT] alert message
2019-06-22 16:39:11,716 [CRIT] crit message
2019-06-22 16:39:11,718 [ERROR] error message
2019-06-22 16:39:11,718 [INFO] info message
2019-06-22 16:39:11,718 [FATAL] fatal message
2019-06-22 16:39:11,718 [WARN] warn message
2019-06-22 16:39:11,718 [ALERT] alert message
2019-06-22 16:39:11,718 [CRIT] crit message
2019-06-22 16:39:11,718 [ERROR] error message
2019-06-22 16:39:11,719 [INFO] info message
2019-06-22 16:39:11,719 [FATAL] fatal message
2019-06-22 16:39:11,719 [WARN] warn message
2019-06-22 16:39:11,719 [ALERT] alert message
2019-06-22 16:39:11,719 [CRIT] crit message
2019-06-22 16:39:11,719 [ERROR] error message
2019-06-22 16:39:11,719 [INFO] info message
2019-06-22 16:39:11,719 [FATAL] fatal message
2019-06-22 16:39:11,720 [WARN] warn message
2019-06-22 16:39:11,721 [ALERT] alert message
2019-06-22 16:39:11,721 [CRIT] crit message
2019-06-22 16:39:11,721 [ERROR] error message
2019-06-22 16:39:11,722 [INFO] info message
2019-06-22 16:39:11,722 [FATAL] fatal message
2019-06-22 16:39:11,722 [WARN] warn message
2019-06-22 16:39:11,723 [ALERT] alert message
2019-06-22 16:39:11,723 [CRIT] crit message
2019-06-22 16:39:11,723 [ERROR] error message
2019-06-22 16:39:11,723 [INFO] info message
2019-06-22 16:39:11,724 [FATAL] fatal message
2019-06-22 16:39:11,724 [WARN] warn message
2019-06-22 16:39:11,724 [ALERT] alert message
2019-06-22 16:39:11,724 [CRIT] crit message
2019-06-22 16:39:11,725 [ERROR] error message
2019-06-22 16:39:11,725 [INFO] info message
2019-06-22 16:39:11,725 [FATAL] fatal message
2019-06-22 16:39:11,726 [WARN] warn message
2019-06-22 16:39:11,726 [ALERT] alert message
2019-06-22 16:39:11,726 [CRIT] crit message
2019-06-22 16:39:11,726 [ERROR] error message
2019-06-22 16:39:11,727 [INFO] info message
2019-06-22 16:39:11,727 [FATAL] fatal message
2019-06-22 16:39:11,727 [WARN] warn message
2019-06-22 16:39:11,728 [ALERT] alert message
2019-06-22 16:39:11,728 [CRIT] crit message
2019-06-22 16:39:11,728 [ERROR] error message
2019-06-22 16:39:11,728 [INFO] info message
2019-06-22 16:39:11,729 [FATAL] fatal message
2019-06-22 16:39:11,729 [WARN] warn message
2019-06-22 16:39:11,729 [ALERT] alert message
2019-06-22 16:39:11,729 [CRIT] crit message
2019-06-22 16:39:11,730 [ERROR] error message
2019-06-22 16:39:11,730 [INFO] info message
2019-06-22 16:39:11,730 [FATAL] fatal message
2019-06-22 16:39:11,730 [WARN] warn message
2019-06-22 16:39:11,730 [ALERT] alert message
2019-06-22 16:39:11,731 [CRIT] crit message
2019-06-22 16:39:11,731 [ERROR] error message
2019-06-22 16:39:11,731 [INFO] info message
2019-06-22 16:39:11,732 [FATAL] fatal message
2019-06-22 16:39:11,732 [WARN] warn message
2019-06-22 16:39:11,732 [ALERT] alert message
2019-06-22 16:39:11,733 [CRIT] crit message
2019-06-22 16:39:11,733 [ERROR] error message
2019-06-22 16:39:11,733 [INFO] info message
2019-06-22 16:39:11,733 [FATAL] fatal message
2019-06-22 16:39:11,735 [WARN] warn message
2019-06-22 16:39:11,735 [ALERT] alert message
2019-06-22 16:39:11,735 [CRIT] crit message
2019-06-22 16:39:11,735 [ERROR] error message
2019-06-22 16:39:11,735 [INFO] info message
2019-06-22 16:39:11,736 [FATAL] fatal message
2019-06-22 16:39:11,736 [WARN] warn message
2019-06-22 16:39:11,736 [ALERT] alert message
2019-06-22 16:39:11,737 [CRIT] crit message
2019-06-22 16:39:11,738 [ERROR] error message
2019-06-22 16:39:11,738 [INFO] info message
2019-06-22 16:39:11,738 [FATAL] fatal message
2019-06-22 16:39:11,738 [WARN] warn message
2019-06-22 16:39:11,738 [ALERT] alert message
2019-06-22 16:39:11,739 [CRIT] crit message
2019-06-22 16:39:11,739 [ERROR] error message
2019-06-22 16:39:11,739 [INFO] info message
2019-06-22 16:39:11,739 [FATAL] fatal message
2019-06-22 16:39:11,740 [WARN] warn message
2019-06-22 16:39:11,740 [ALERT] alert message
2019-06-22 16:39:11,741 [CRIT] crit message
2019-06-22 16:39:11,741 [ERROR] error message
2019-06-22 16:39:11,741 [INFO] info message
2019-06-22 16:39:11,741 [FATAL] fatal message
2019-06-22 16:39:11,741 [WARN] warn message
2019-06-22 16:39:11,741 [ALERT] alert message
2019-06-22 16:39:11,741 [CRIT] crit message
2019-06-22 16:39:11,742 [ERROR] error message
2019-06-22 16:39:11,742 [INFO] info message
2019-06-22 16:39:11,742 [FATAL] fatal message
2019-06-22 16:39:11,742 [WARN] warn message
2019-06-22 16:39:11,743 [ALERT] alert message
2019-06-22 16:39:11,743 [CRIT] crit message
2019-06-22 16:39:11,743 [ERROR] error message
2019-06-22 16:39:11,743 [INFO] info message
2019-06-22 16:39:11,744 [FATAL] fatal message
2019-06-22 16:39:11,744 [WARN] warn message
2019-06-22 16:39:11,744 [ALERT] alert message
2019-06-22 16:39:11,745 [CRIT] crit message
2019-06-22 16:39:11,745 [ERROR] error message
2019-06-22 16:39:11,745 [INFO] info message
2019-06-22 16:39:11,745 [FATAL] fatal message
2019-06-22 16:39:11,745 [WARN] warn message
2019-06-22 16:39:11,746 [ALERT] alert message
2019-06-22 16:39:11,746 [CRIT] crit message
2019-06-22 16:39:11,746 [ERROR] error message
2019-06-22 16:39:11,746 [INFO] info message
2019-06-22 16:39:11,747 [FATAL] fatal message
2019-06-22 16:39:11,747 [WARN] warn message
2019-06-22 16:39:11,747 [ALERT] alert message
2019-06-22 16:39:11,747 [CRIT] crit message
2019-06-22 16:39:11,747 [ERROR] error message
2019-06-22 16:39:11,748 [INFO] info message
2019-06-22 16:39:11,748 [FATAL] fatal message
2019-06-22 16:39:11,748 [WARN] warn message
2019-06-22 16:39:11,748 [ALERT] alert message
2019-06-22 16:39:11,748 [CRIT] crit message
2019-06-22 16:39:11,749 [ERROR] error message
2019-06-22 16:39:11,749 [INFO] info message
2019-06-22 16:39:11,749 [FATAL] fatal message
2019-06-22 16:39:11,752 [WARN] warn message
2019-06-22 16:39:11,752 [ALERT] alert message
2019-06-22 16:39:11,753 [CRIT] crit message
2019-06-22 16:39:11,753 [ERROR] error message
2019-06-22 16:39:11,753 [INFO] info message
2019-06-22 16:39:11,754 [FATAL] fatal message
2019-06-22 16:39:11,754 [WARN] warn message
2019-06-22 16:39:11,754 [ALERT] alert message
2019-06-22 16:39:11,754 [CRIT] crit message
2019-06-22 16:39:11,755 [ERROR] error message
2019-06-22 16:39:11,755 [INFO] info message
2019-06-22 16:39:11,755 [FATAL] fatal message
2019-06-22 16:39:11,755 [WARN] warn message
2019-06-22 16:39:11,756 [ALERT] alert message
2019-06-22 16:39:11,756 [CRIT] crit message
2019-06-22 16:39:11,756 [ERROR] error message
2019-06-22 16:39:11,756 [INFO] info message
2019-06-22 16:39:11,756 [FATAL] fatal message
2019-06-22 16:39:11,757 [WARN] warn message
2019-06-22 16:39:11,757 [ALERT] alert message
2019-06-22 16:39:11,757 [CRIT] crit message
2019-06-22 16:39:11,758 [ERROR] error message
2019-06-22 16:39:11,758 [INFO] info message
2019-06-22 16:39:11,758 [FATAL] fatal message
2019-06-22 16:39:11,758 [WARN] warn message
2019-06-22 16:39:11,758 [ALERT] alert message
2019-06-22 16:39:11,758 [CRIT] crit message
2019-06-22 16:39:11,759 [ERROR] error message
2019-06-22 16:39:11,759 [INFO] info message
2019-06-22 16:39:11,759 [FATAL] fatal message
2019-06-22 16:39:11,759 [WARN] warn message
2019-06-22 16:39:11,760 [ALERT] alert message
2019-06-22 16:39:11,760 [CRIT] crit message
2019-06-22 16:39:11,760 [ERROR] error message
2019-06-22 16:39:11,760 [INFO] info message
2019-06-22 16:39:11,761 [FATAL] fatal message
2019-06-22 16:39:11,761 [WARN] warn message
2019-06-22 16:39:11,761 [ALERT] alert message
2019-06-22 16:39:11,761 [CRIT] crit message
2019-06-22 16:39:11,762 [ERROR] error message
2019-06-22 16:39:11,762 [INFO] info message
2019-06-22 16:39:11,762 [FATAL] fatal message
2019-06-22 16:39:11,762 [WARN] warn message
2019-06-22 16:39:11,763 [ALERT] alert message
2019-06-22 16:39:11,763 [CRIT] crit message
2019-06-22 16:39:11,763 [ERROR] error message
2019-06-22 16:39:11,763 [INFO] info message
2019-06-22 16:39:11,764 [FATAL] fatal message
2019-06-22 16:39:11,764 [WARN] warn message
2019-06-22 16:39:11,764 [ALERT] alert message
2019-06-22 16:39:11,764 [CRIT] crit message
2019-06-22 16:39:11,764 [ERROR] error message
2019-06-22 16:39:11,764 [INFO] info message
2019-06-22 16:39:11,765 [FATAL] fatal message
2019-06-22 16:39:11,765 [WARN] warn message
2019-06-22 16:39:11,765 [ALERT] alert message
2019-06-22 16:39:11,765 [CRIT] crit message
2019-06-22 16:39:11,765 [ERROR] error message
2019-06-22 16:39:11,765 [INFO] info message
2019-06-22 16:39:11,766 [FATAL] fatal message
2019-06-22 16:39:11,766 [WARN] warn message
2019-06-22 16:39:11,766 [ALERT] alert message
2019-06-22 16:39:11,769 [CRIT] crit message
2019-06-22 16:39:11,769 [ERROR] error message
2019-06-22 16:39:11,769 [INFO] info message
2019-06-22 16:39:11,769 [FATAL] fatal message
2019-06-22 16:39:11,769 [WARN] warn message
2019-06-22 16:39:11,769 [ALERT] alert message
2019-06-22 16:39:11,769 [CRIT] crit message
2019-06-22 16:39:11,770 [ERROR] error message
2019-06-22 16:39:11,770 [INFO] info message
2019-06-22 16:39:11,770 [FATAL] fatal message
2019-06-22 16:39:11,770 [WARN] warn message
2019-06-22 16:39:11,770 [ALERT] alert message
2019-06-22 16:39:11,770 [CRIT] crit message
2019-06-22 16:39:11,770 [ERROR] error message
2019-06-22 16:39:11,770 [INFO] info message
2019-06-22 16:39:11,770 [FATAL] fatal message
2019-06-22 16:39:11,770 [WARN] warn message
2019-06-22 16:39:11,770 [ALERT] alert message
2019-06-22 16:39:11,770 [CRIT] crit message
2019-06-22 16:39:11,770 [ERROR] error message
2019-06-22 16:39:11,771 [INFO] info message
2019-06-22 16:39:11,771 [FATAL] fatal message
2019-06-22 16:39:11,771 [WARN] warn message
2019-06-22 16:39:11,771 [ALERT] alert message
2019-06-22 16:39:11,771 [CRIT] crit message
2019-06-22 16:39:11,771 [ERROR] error message
2019-06-22 16:39:11,772 [INFO] info message
2019-06-22 16:39:11,772 [FATAL] fatal message
2019-06-22 16:39:11,773 [WARN] warn message
2019-06-22 16:39:11,773 [ALERT] alert message
2019-06-22 16:39:11,774 [CRIT] crit message
2019-06-22 16:39:11,774 [ERROR] error message
2019-06-22 16:39:11,774 [INFO] info message
2019-06-22 16:39:11,774 [FATAL] fatal message
2019-06-22 16:39:11,775 [WARN] warn message
2019-06-22 16:39:11,775 [ALERT] alert message
2019-06-22 16:39:11,775 [CRIT] crit message
2019-06-22 16:39:11,775 [ERROR] error message
2019-06-22 16:39:11,776 [INFO] info message
2019-06-22 16:39:11,776 [FATAL] fatal message
2019-06-22 16:39:11,776 [WARN] warn message
2019-06-22 16:39:11,776 [ALERT] alert message
2019-06-22 16:39:11,777 [CRIT] crit message
2019-06-22 16:39:11,777 [ERROR] error message
2019-06-22 16:39:11,777 [INFO] info message
2019-06-22 16:39:11,777 [FATAL] fatal message
2019-06-22 16:39:11,778 [WARN] warn message
2019-06-22 16:39:11,778 [ALERT] alert message
2019-06-22 16:39:11,778 [CRIT] crit message
2019-06-22 16:39:11,779 [ERROR] error message
2019-06-22 16:39:11,779 [INFO] info message
2019-06-22 16:39:11,779 [FATAL] fatal message
2019-06-22 16:39:11,779 [WARN] warn message
2019-06-22 16:39:11,780 [ALERT] alert message
2019-06-22 16:39:11,780 [CRIT] crit message
2019-06-22 16:39:11,781 [ERROR] error message
2019-06-22 16:39:11,781 [INFO] info message
2019-06-22 16:39:11,781 [FATAL] fatal message
2019-06-22 16:39:11,781 [WARN] warn message
2019-06-22 16:39:11,781 [ALERT] alert message
2019-06-22 16:39:11,783 [CRIT] crit message
2019-06-22 16:39:11,785 [ERROR] error message
2019-06-22 16:39:11,785 [INFO] info message
2019-06-22 16:39:11,786 [FATAL] fatal message
2019-06-22 16:39:11,786 [WARN] warn message
2019-06-22 16:39:11,786 [ALERT] alert message
2019-06-22 16:39:11,786 [CRIT] crit message
2019-06-22 16:39:11,786 [ERROR] error message
2019-06-22 16:39:11,786 [INFO] info message
2019-06-22 16:39:11,786 [FATAL] fatal message
2019-06-22 16:39:11,786 [WARN] warn message
2019-06-22 16:39:11,786 [ALERT] alert message
2019-06-22 16:39:11,786 [CRIT] crit message
2019-06-22 16:39:11,786 [ERROR] error message
2019-06-22 16:39:11,786 [INFO] info message
2019-06-22 16:39:11,786 [FATAL] fatal message
2019-06-22 16:39:11,786 [WARN] warn message
2019-06-22 16:39:11,786 [ALERT] alert message
2019-06-22 16:39:11,787 [CRIT] crit message
2019-06-22 16:39:11,787 [ERROR] error message
2019-06-22 16:39:11,787 [INFO] info message
2019-06-22 16:39:11,787 [FATAL] fatal message
2019-06-22 16:39:11,787 [WARN] warn message
2019-06-22 16:39:11,788 [ALERT] alert message
2019-06-22 16:39:11,788 [CRIT] crit message
2019-06-22 16:39:11,788 [ERROR] error message
2019-06-22 16:39:11,788 [INFO] info message
2019-06-22 16:39:11,788 [FATAL] fatal message
2019-06-22 16:39:11,788 [WARN] warn message
