2019-06-22 16:39:11,781 [ALERT] alert message
2019-06-22 16:39:11,783 [CRIT] crit message
2019-06-22 16:39:11,785 [ERROR] error message
2019-06-22 16:39:11,785 [INFO] info message
2019-06-22 16:39:11,786 [FATAL] fatal message
2019-06-22 16:39:11,786 [WARN] warn message
2019-06-22 16:39:11,786 [ALERT] alert message
2019-06-22 16:39:11,786 [CRIT] crit message
2019-06-22 16:39:11,786 [ERROR] error message
2019-06-22 16:39:11,786 [INFO] info message
2019-06-22 16:39:11,786 [FATAL] fatal message
2019-06-22 16:39:11,786 [WARN] warn message
2019-06-22 16:39:11,786 [ALERT] alert message
2019-06-22 16:39:11,786 [CRIT] crit message
2019-06-22 16:39:11,786 [ERROR] error message
2019-06-22 16:39:11,786 [INFO] info message
2019-06-22 16:39:11,786 [FATAL] fatal message
2019-06-22 16:39:11,786 [WARN] warn message
2019-06-22 16:39:11,786 [ALERT] alert message
2019-06-22 16:39:11,787 [CRIT] crit message
2019-06-22 16:39:11,787 [ERROR] error message
2019-06-22 16:39:11,787 [INFO] info message
2019-06-22 16:39:11,787 [FATAL] fatal message
2019-06-22 16:39:11,787 [WARN] warn message
2019-06-22 16:39:11,788 [ALERT] alert message
2019-06-22 16:39:11,788 [CRIT] crit message
2019-06-22 16:39:11,788 [ERROR] error message
2019-06-22 16:39:11,788 [INFO] info message
2019-06-22 16:39:11,788 [FATAL] fatal message
2019-06-22 16:39:11,788 [WARN] warn message
2019-06-22 20:45:55,699 [WARN] this is warn messages
2019-06-22 21:21:38,288 [WARN] this is warn messages
2019-06-22 21:26:31,334 [WARN] this is warn messages
2019-06-22 21:27:07,499 [WARN] this is warn messages
2019-06-22 21:28:19,698 [WARN] this is warn messages
2019-06-22 21:28:19,699 [ERROR] this is error messages
2019-06-22 21:30:45,282 [ERROR] this is error messages
2019-06-22 21:32:33,967 [WARN] this is warn messages
2019-06-22 21:32:33,969 [ERROR] this is error messages
2019-06-22 21:32:33,970 [INFO] this is info messages
2019-06-22 22:52:59,401 [WARN] this is warn messages
2019-06-22 22:52:59,402 [ERROR] this is error messages
2019-06-22 22:52:59,403 [INFO] this is info messages
2019-06-22 22:53:37,048 [WARN] this is warn messages
2019-06-22 22:53:37,049 [ERROR] this is error messages
2019-06-22 22:53:37,050 [INFO] this is info messages
2019-06-22 22:55:32,642 [WARN] this is warn messages
2019-06-22 22:55:32,643 [ERROR] this is error messages
2019-06-22 22:55:32,644 [INFO] this is info messages
2019-06-22 22:57:24,002 [WARN] this is warn messages
2019-06-22 22:57:24,002 [ERROR] this is error messages
2019-06-22 22:57:24,003 [INFO] this is info messages
2019-06-22 22:57:38,843 [WARN] this is warn messages
2019-06-22 22:57:38,844 [ERROR] this is error messages
2019-06-22 22:57:38,845 [INFO] this is info messages
